
*** Running vivado
    with args -log seven_seg_counter.vds -m64 -mode batch -messageDb vivado.pb -source seven_seg_counter.tcl


****** Vivado v2014.4 (64-bit)
  **** SW Build 1071353 on Tue Nov 18 18:29:27 MST 2014
  **** IP Build 1070531 on Tue Nov 18 01:10:18 MST 2014
    ** Copyright 1986-2014 Xilinx, Inc. All Rights Reserved.

source seven_seg_counter.tcl
# set_param gui.test TreeTableDev
# set_param xicom.use_bs_reader 1
# debug::add_scope template.lib 1
# set_msg_config -id {HDL 9-1061} -limit 100000
# set_msg_config -id {HDL 9-1654} -limit 100000
# create_project -in_memory -part xc7a35tcpg236-1
# set_param project.compositeFile.enableAutoGeneration 0
# set_param synth.vivado.isSynthRun true
# set_property webtalk.parent_dir D:/fpga/xilinix/projects/seven_seg/seven_seg.cache/wt [current_project]
# set_property parent.project_path D:/fpga/xilinix/projects/seven_seg/seven_seg.xpr [current_project]
# set_property default_lib xil_defaultlib [current_project]
# set_property target_language VHDL [current_project]
# read_vhdl -library xil_defaultlib D:/fpga/xilinix/projects/seven_seg/seven_seg.srcs/sources_1/new/seven_seg_counter.vhd
# read_xdc D:/fpga/xilinix/projects/seven_seg/seven_seg.srcs/constrs_1/imports/projects/Basys3_Master.xdc
# set_property used_in_implementation false [get_files D:/fpga/xilinix/projects/seven_seg/seven_seg.srcs/constrs_1/imports/projects/Basys3_Master.xdc]
# catch { write_hwdef -file seven_seg_counter.hwdef }
INFO: [Vivado_Tcl 4-279] hardware handoff file cannot be generated as there is no block diagram instance in the design
# synth_design -top seven_seg_counter -part xc7a35tcpg236-1
Command: synth_design -top seven_seg_counter -part xc7a35tcpg236-1
Starting synth_design
Attempting to get a license for feature 'Synthesis' and/or device 'xc7a35t'
INFO: [Common 17-349] Got license for feature 'Synthesis' and/or device 'xc7a35t'
---------------------------------------------------------------------------------
Starting RTL Elaboration : Time (s): cpu = 00:00:05 ; elapsed = 00:00:06 . Memory (MB): peak = 226.430 ; gain = 66.621
---------------------------------------------------------------------------------
INFO: [Synth 8-638] synthesizing module 'seven_seg_counter' [D:/fpga/xilinix/projects/seven_seg/seven_seg.srcs/sources_1/new/seven_seg_counter.vhd:14]
WARNING: [Synth 8-614] signal 'displayed_number' is read in the process but is not in the sensitivity list [D:/fpga/xilinix/projects/seven_seg/seven_seg.srcs/sources_1/new/seven_seg_counter.vhd:59]
INFO: [Synth 8-256] done synthesizing module 'seven_seg_counter' (1#1) [D:/fpga/xilinix/projects/seven_seg/seven_seg.srcs/sources_1/new/seven_seg_counter.vhd:14]
---------------------------------------------------------------------------------
Finished RTL Elaboration : Time (s): cpu = 00:00:06 ; elapsed = 00:00:07 . Memory (MB): peak = 260.586 ; gain = 100.777
---------------------------------------------------------------------------------

Report Check Netlist: 
+------+------------------+-------+---------+-------+------------------+
|      |Item              |Errors |Warnings |Status |Description       |
+------+------------------+-------+---------+-------+------------------+
|1     |multi_driven_nets |      0|        0|Passed |Multi driven nets |
+------+------------------+-------+---------+-------+------------------+
---------------------------------------------------------------------------------
Finished RTL Optimization Phase 1 : Time (s): cpu = 00:00:06 ; elapsed = 00:00:07 . Memory (MB): peak = 260.586 ; gain = 100.777
---------------------------------------------------------------------------------
Loading clock regions from D:/fpga/xilinix/Vivado/2014.4/data\parts/xilinx/artix7/artix7/xc7a35t/ClockRegion.xml
Loading clock buffers from D:/fpga/xilinix/Vivado/2014.4/data\parts/xilinx/artix7/artix7/xc7a35t/ClockBuffers.xml
Loading clock placement rules from D:/fpga/xilinix/Vivado/2014.4/data/parts/xilinx/artix7/ClockPlacerRules.xml
Loading package pin functions from D:/fpga/xilinix/Vivado/2014.4/data\parts/xilinx/artix7/PinFunctions.xml...
Loading package from D:/fpga/xilinix/Vivado/2014.4/data\parts/xilinx/artix7/artix7/xc7a35t/cpg236/Package.xml
Loading io standards from D:/fpga/xilinix/Vivado/2014.4/data\./parts/xilinx/artix7/IOStandards.xml
Loading device configuration modes from D:/fpga/xilinix/Vivado/2014.4/data\parts/xilinx/artix7/ConfigModes.xml
INFO: [Project 1-570] Preparing netlist for logic optimization

Processing XDC Constraints
Initializing timing engine
Parsing XDC File [D:/fpga/xilinix/projects/seven_seg/seven_seg.srcs/constrs_1/imports/projects/Basys3_Master.xdc]
Finished Parsing XDC File [D:/fpga/xilinix/projects/seven_seg/seven_seg.srcs/constrs_1/imports/projects/Basys3_Master.xdc]
Completed Processing XDC Constraints

INFO: [Project 1-111] Unisim Transformation Summary:
No Unisim elements were transformed.

Constraint Validation Runtime : Time (s): cpu = 00:00:00 ; elapsed = 00:00:00.003 . Memory (MB): peak = 523.930 ; gain = 0.000
---------------------------------------------------------------------------------
Finished Constraint Validation : Time (s): cpu = 00:00:17 ; elapsed = 00:00:19 . Memory (MB): peak = 523.930 ; gain = 364.121
---------------------------------------------------------------------------------
---------------------------------------------------------------------------------
Start Loading Part and Timing Information
---------------------------------------------------------------------------------
Loading part: xc7a35tcpg236-1
---------------------------------------------------------------------------------
Finished Loading Part and Timing Information : Time (s): cpu = 00:00:17 ; elapsed = 00:00:19 . Memory (MB): peak = 523.930 ; gain = 364.121
---------------------------------------------------------------------------------
---------------------------------------------------------------------------------
Start Applying 'set_property' XDC Constraints
---------------------------------------------------------------------------------
---------------------------------------------------------------------------------
Finished applying 'set_property' XDC Constraints : Time (s): cpu = 00:00:17 ; elapsed = 00:00:19 . Memory (MB): peak = 523.930 ; gain = 364.121
---------------------------------------------------------------------------------
---------------------------------------------------------------------------------
Finished RTL Optimization Phase 2 : Time (s): cpu = 00:00:17 ; elapsed = 00:00:19 . Memory (MB): peak = 523.930 ; gain = 364.121
---------------------------------------------------------------------------------

Report RTL Partitions: 
+-+--------------+------------+----------+
| |RTL Partition |Replication |Instances |
+-+--------------+------------+----------+
+-+--------------+------------+----------+
---------------------------------------------------------------------------------
Start RTL Component Statistics 
---------------------------------------------------------------------------------
Detailed RTL Component Info : 
+---Muxes : 
	  16 Input      7 Bit        Muxes := 1     
	   4 Input      4 Bit        Muxes := 2     
---------------------------------------------------------------------------------
Finished RTL Component Statistics 
---------------------------------------------------------------------------------
---------------------------------------------------------------------------------
Start RTL Hierarchical Component Statistics 
---------------------------------------------------------------------------------
Hierarchical RTL Component report 
Module seven_seg_counter 
Detailed RTL Component Info : 
+---Muxes : 
	  16 Input      7 Bit        Muxes := 1     
	   4 Input      4 Bit        Muxes := 2     
---------------------------------------------------------------------------------
Finished RTL Hierarchical Component Statistics
---------------------------------------------------------------------------------
---------------------------------------------------------------------------------
Start Part Resource Summary
---------------------------------------------------------------------------------
Part Resources:
DSPs: 120 (col length:60)
BRAMs: 150 (col length: RAMB18 60 RAMB36 30)
---------------------------------------------------------------------------------
Finished Part Resource Summary
---------------------------------------------------------------------------------
Start Parallel Synthesis Optimization  : Time (s): cpu = 00:00:17 ; elapsed = 00:00:19 . Memory (MB): peak = 523.930 ; gain = 364.121
---------------------------------------------------------------------------------
Start Cross Boundary Optimization
---------------------------------------------------------------------------------
WARNING: [Synth 8-3917] design seven_seg_counter has port LED_out[6] driven by constant 0
---------------------------------------------------------------------------------
Finished Cross Boundary Optimization : Time (s): cpu = 00:00:17 ; elapsed = 00:00:19 . Memory (MB): peak = 523.930 ; gain = 364.121
---------------------------------------------------------------------------------
Finished Parallel Reinference  : Time (s): cpu = 00:00:17 ; elapsed = 00:00:19 . Memory (MB): peak = 523.930 ; gain = 364.121

Report RTL Partitions: 
+-+--------------+------------+----------+
| |RTL Partition |Replication |Instances |
+-+--------------+------------+----------+
+-+--------------+------------+----------+
---------------------------------------------------------------------------------
Start RAM, DSP and Shift Register Reporting
---------------------------------------------------------------------------------
---------------------------------------------------------------------------------
Finished RAM, DSP and Shift Register Reporting
---------------------------------------------------------------------------------
---------------------------------------------------------------------------------
Start Area Optimization
---------------------------------------------------------------------------------
---------------------------------------------------------------------------------
Finished Area Optimization : Time (s): cpu = 00:00:17 ; elapsed = 00:00:20 . Memory (MB): peak = 523.930 ; gain = 364.121
---------------------------------------------------------------------------------
---------------------------------------------------------------------------------
Finished Area Optimization : Time (s): cpu = 00:00:17 ; elapsed = 00:00:20 . Memory (MB): peak = 523.930 ; gain = 364.121
---------------------------------------------------------------------------------
Finished Parallel Area Optimization  : Time (s): cpu = 00:00:17 ; elapsed = 00:00:20 . Memory (MB): peak = 523.930 ; gain = 364.121

Report RTL Partitions: 
+-+--------------+------------+----------+
| |RTL Partition |Replication |Instances |
+-+--------------+------------+----------+
+-+--------------+------------+----------+
Finished Parallel Synthesis Optimization  : Time (s): cpu = 00:00:17 ; elapsed = 00:00:20 . Memory (MB): peak = 523.930 ; gain = 364.121
---------------------------------------------------------------------------------
Start Timing Optimization
---------------------------------------------------------------------------------
---------------------------------------------------------------------------------
Start Applying XDC Timing Constraints
---------------------------------------------------------------------------------
---------------------------------------------------------------------------------
Finished Applying XDC Timing Constraints : Time (s): cpu = 00:00:33 ; elapsed = 00:00:35 . Memory (MB): peak = 523.930 ; gain = 364.121
---------------------------------------------------------------------------------
---------------------------------------------------------------------------------
Finished Timing Optimization : Time (s): cpu = 00:00:33 ; elapsed = 00:00:35 . Memory (MB): peak = 523.930 ; gain = 364.121
---------------------------------------------------------------------------------

Report RTL Partitions: 
+-+--------------+------------+----------+
| |RTL Partition |Replication |Instances |
+-+--------------+------------+----------+
+-+--------------+------------+----------+
---------------------------------------------------------------------------------
Start Technology Mapping
---------------------------------------------------------------------------------
---------------------------------------------------------------------------------
Finished Technology Mapping : Time (s): cpu = 00:00:33 ; elapsed = 00:00:35 . Memory (MB): peak = 532.203 ; gain = 372.395
---------------------------------------------------------------------------------

Report RTL Partitions: 
+-+--------------+------------+----------+
| |RTL Partition |Replication |Instances |
+-+--------------+------------+----------+
+-+--------------+------------+----------+
---------------------------------------------------------------------------------
Start IO Insertion
---------------------------------------------------------------------------------
---------------------------------------------------------------------------------
Start Flattening Before IO Insertion
---------------------------------------------------------------------------------
---------------------------------------------------------------------------------
Finished Flattening Before IO Insertion
---------------------------------------------------------------------------------
---------------------------------------------------------------------------------
Start Final Netlist Cleanup
---------------------------------------------------------------------------------
---------------------------------------------------------------------------------
Finished Final Netlist Cleanup
---------------------------------------------------------------------------------
---------------------------------------------------------------------------------
Finished IO Insertion : Time (s): cpu = 00:00:33 ; elapsed = 00:00:36 . Memory (MB): peak = 532.203 ; gain = 372.395
---------------------------------------------------------------------------------

Report Check Netlist: 
+------+------------------+-------+---------+-------+------------------+
|      |Item              |Errors |Warnings |Status |Description       |
+------+------------------+-------+---------+-------+------------------+
|1     |multi_driven_nets |      0|        0|Passed |Multi driven nets |
+------+------------------+-------+---------+-------+------------------+
---------------------------------------------------------------------------------
Start Renaming Generated Instances
---------------------------------------------------------------------------------
---------------------------------------------------------------------------------
Finished Renaming Generated Instances : Time (s): cpu = 00:00:33 ; elapsed = 00:00:36 . Memory (MB): peak = 532.203 ; gain = 372.395
---------------------------------------------------------------------------------

Report RTL Partitions: 
+-+--------------+------------+----------+
| |RTL Partition |Replication |Instances |
+-+--------------+------------+----------+
+-+--------------+------------+----------+
---------------------------------------------------------------------------------
Start Rebuilding User Hierarchy
---------------------------------------------------------------------------------
---------------------------------------------------------------------------------
Finished Rebuilding User Hierarchy : Time (s): cpu = 00:00:33 ; elapsed = 00:00:36 . Memory (MB): peak = 532.203 ; gain = 372.395
---------------------------------------------------------------------------------
---------------------------------------------------------------------------------
Start RAM, DSP and Shift Register Reporting
---------------------------------------------------------------------------------
---------------------------------------------------------------------------------
Finished RAM, DSP and Shift Register Reporting
---------------------------------------------------------------------------------
---------------------------------------------------------------------------------
Start Writing Synthesis Report
---------------------------------------------------------------------------------

Report BlackBoxes: 
+-+--------------+----------+
| |BlackBox name |Instances |
+-+--------------+----------+
+-+--------------+----------+

Report Cell Usage: 
+------+-------+------+
|      |Cell   |Count |
+------+-------+------+
|1     |BUFG   |     1|
|2     |CARRY4 |     5|
|3     |LUT1   |    20|
|4     |LUT2   |     7|
|5     |FDCE   |    20|
|6     |IBUF   |     2|
|7     |OBUF   |    11|
+------+-------+------+

Report Instance Areas: 
+------+---------+-------+------+
|      |Instance |Module |Cells |
+------+---------+-------+------+
|1     |top      |       |    66|
+------+---------+-------+------+
---------------------------------------------------------------------------------
Finished Writing Synthesis Report : Time (s): cpu = 00:00:33 ; elapsed = 00:00:36 . Memory (MB): peak = 532.203 ; gain = 372.395
---------------------------------------------------------------------------------
Synthesis finished with 0 errors, 0 critical warnings and 1 warnings.
Synthesis Optimization Runtime : Time (s): cpu = 00:00:00 ; elapsed = 00:00:27 . Memory (MB): peak = 532.203 ; gain = 94.484
Synthesis Optimization Complete : Time (s): cpu = 00:00:33 ; elapsed = 00:00:36 . Memory (MB): peak = 532.203 ; gain = 372.395
INFO: [Project 1-571] Translating synthesized netlist
INFO: [Netlist 29-17] Analyzing 7 Unisim elements for replacement
INFO: [Netlist 29-28] Unisim Transformation completed in 0 CPU seconds
INFO: [Project 1-570] Preparing netlist for logic optimization
INFO: [Opt 31-140] Inserted 0 IBUFs to IO ports without IO buffers.
INFO: [Opt 31-141] Inserted 0 OBUFs to IO ports without IO buffers.
INFO: [Opt 31-138] Pushed 0 inverter(s) to 0 load pin(s).
INFO: [Project 1-111] Unisim Transformation Summary:
No Unisim elements were transformed.

INFO: [Common 17-83] Releasing license: Synthesis
14 Infos, 2 Warnings, 0 Critical Warnings and 0 Errors encountered.
synth_design completed successfully
synth_design: Time (s): cpu = 00:00:32 ; elapsed = 00:00:35 . Memory (MB): peak = 535.418 ; gain = 361.043
# write_checkpoint -noxdef seven_seg_counter.dcp
# catch { report_utilization -file seven_seg_counter_utilization_synth.rpt -pb seven_seg_counter_utilization_synth.pb }
report_utilization: Time (s): cpu = 00:00:00 ; elapsed = 00:00:00.093 . Memory (MB): peak = 535.418 ; gain = 0.000
INFO: [Common 17-206] Exiting Vivado at Tue Nov 27 23:01:26 2018...
